\BOOKMARK [0][-]{chapter.1}{\376\377\000U\000v\000o\000d}{}% 1
\BOOKMARK [0][-]{chapter.2}{\376\377\000A\000n\000o\000m\000a\000l\000i\000j\000e}{}% 2
\BOOKMARK [1][-]{section.2.1}{\376\377\000P\000o\000j\000a\000v\000a\000\040\000a\000n\000o\000m\000a\000l\000i\000j\000a\000\040\000i\000\040\000n\000j\000e\000n\000i\000\040\000u\000z\000r\000o\000c\000i}{chapter.2}% 3
\BOOKMARK [1][-]{section.2.2}{\376\377\000K\000l\000a\000s\000i\000f\000i\000k\000a\000c\000i\000j\000a\000\040\000a\000n\000o\000m\000a\000l\000i\000j\000a}{chapter.2}% 4
\BOOKMARK [1][-]{section.2.3}{\376\377\000P\000r\000o\000b\000l\000e\000m\000\040\000o\000t\000k\000r\000i\000v\000a\000n\000j\000a\000\040\000a\000n\000o\000m\000a\000l\000i\000j\000a}{chapter.2}% 5
\BOOKMARK [1][-]{section.2.4}{\376\377\000M\000e\000t\000o\000d\000e\000\040\000o\000t\000k\000r\000i\000v\000a\000n\000j\000a\000\040\000a\000n\000o\000m\000a\000l\000i\000j\000a}{chapter.2}% 6
\BOOKMARK [0][-]{chapter.3}{\376\377\000A\000l\000g\000o\000r\000i\000t\000m\000i\000\040\000g\000r\000u\000p\000i\000r\000a\000n\000j\000a}{}% 7
\BOOKMARK [1][-]{section.3.1}{\376\377\000O\000\040\000a\000l\000g\000o\000r\000i\000t\000m\000i\000m\000a\000\040\000g\000r\000u\000p\000i\000r\000a\000n\000j\000a}{chapter.3}% 8
\BOOKMARK [2][-]{subsection.3.1.1}{\376\377\000P\000o\000d\000j\000e\000l\000a}{section.3.1}% 9
\BOOKMARK [2][-]{subsection.3.1.2}{\376\377\000V\000r\000e\000d\000n\000o\000v\000a\000n\000j\000e}{section.3.1}% 10
\BOOKMARK [1][-]{section.3.2}{\376\377\000A\000l\000g\000o\000r\000i\000t\000a\000m\000\040\000K\000-\000s\000r\000e\000d\000i\000n\000a}{chapter.3}% 11
\BOOKMARK [1][-]{section.3.3}{\376\377\000D\000B\000S\000C\000A\000N\000\040\000a\000l\000g\000o\000r\000i\000t\000a\000m}{chapter.3}% 12
\BOOKMARK [1][-]{section.3.4}{\376\377\000M\000o\000d\000e\000l\000\040\000G\000a\000u\000s\000s\000o\000v\000e\000\040\000m\000j\000e\001\141\000a\000v\000i\000n\000e}{chapter.3}% 13
\BOOKMARK [0][-]{chapter.4}{\376\377\000K\000o\000r\000i\001\141\000t\000e\000n\000i\000\040\000s\000k\000u\000p\000o\000v\000i\000\040\000p\000o\000d\000a\000t\000a\000k\000a}{}% 14
\BOOKMARK [1][-]{section.4.1}{\376\377\000O\000t\000k\000r\000i\000v\000a\000n\000j\000e\000\040\000p\000r\000i\000j\000e\000v\000a\000r\000e\000\040\000s\000\040\000k\000r\000e\000d\000i\000t\000n\000i\000m\000\040\000k\000a\000r\000t\000i\000c\000a\000m\000a}{chapter.4}% 15
\BOOKMARK [1][-]{section.4.2}{\376\377\000D\000e\000t\000e\000k\000c\000i\000j\000a\000\040\000u\000p\000a\000d\000a\000\040\000u\000\040\000m\000r\000e\001\176\000u}{chapter.4}% 16
\BOOKMARK [1][-]{section.4.3}{\376\377\000D\000e\000t\000e\000k\000c\000i\000j\000a\000\040\000r\000a\000k\000a}{chapter.4}% 17
\BOOKMARK [0][-]{chapter.5}{\376\377\000P\000r\000o\000g\000r\000a\000m\000s\000k\000o\000\040\000o\000s\000t\000v\000a\000r\000e\000n\000j\000e}{}% 18
\BOOKMARK [1][-]{section.5.1}{\376\377\000O\000b\000r\000a\000d\000a\000\040\000p\000o\000d\000a\000t\000a\000k\000a}{chapter.5}% 19
\BOOKMARK [1][-]{section.5.2}{\376\377\000S\000m\000a\000n\000j\000e\000n\000j\000e\000\040\000b\000r\000o\000j\000a\000\040\000u\000z\000o\000r\000a\000k\000a}{chapter.5}% 20
\BOOKMARK [1][-]{section.5.3}{\376\377\000A\000l\000g\000o\000r\000i\000t\000m\000i\000\040\000i\000\040\000o\000s\000t\000v\000a\000r\000e\000n\000j\000e\000\040\000d\000e\000t\000e\000k\000c\000i\000j\000e\000\040\000a\000n\000o\000m\000a\000l\000i\000j\000a}{chapter.5}% 21
\BOOKMARK [0][-]{chapter.6}{\376\377\000R\000e\000z\000u\000l\000t\000a\000t\000i}{}% 22
\BOOKMARK [1][-]{section.6.1}{\376\377\000A\000n\000o\000m\000a\000l\000i\000j\000e\000\040\000u\000\040\000k\000a\000r\000t\000i\001\015\000n\000i\000m\000\040\000t\000r\000a\000n\000s\000a\000k\000c\000i\000j\000a\000m\000a}{chapter.6}% 23
\BOOKMARK [1][-]{section.6.2}{\376\377\000O\000t\000k\000r\000i\000v\000a\000n\000j\000e\000\040\000a\000n\000o\000m\000a\000l\000i\000j\000a\000\040\000u\000\040\000m\000r\000e\001\176\000i}{chapter.6}% 24
\BOOKMARK [2][-]{subsection.6.2.1}{\376\377\000N\000a\000p\000a\000d\000\040\000U\0002\000R\000\040\000k\000a\000o\000\040\000a\000n\000o\000m\000a\000l\000i\000j\000a}{section.6.2}% 25
\BOOKMARK [2][-]{subsection.6.2.2}{\376\377\000N\000a\000p\000a\000d\000\040\000P\000r\000o\000b\000e\000\040\000k\000a\000o\000\040\000a\000n\000o\000m\000a\000l\000i\000j\000a}{section.6.2}% 26
\BOOKMARK [1][-]{section.6.3}{\376\377\000D\000e\000t\000e\000k\000c\000i\000j\000a\000\040\000r\000a\000k\000a\000\040\000k\000a\000o\000\040\000a\000n\000o\000m\000a\000l\000i\000j\000e}{chapter.6}% 27
\BOOKMARK [0][-]{chapter.7}{\376\377\000Z\000a\000k\000l\000j\000u\001\015\000a\000k}{}% 28
\BOOKMARK [0][-]{chapter*.33}{\376\377\000L\000i\000t\000e\000r\000a\000t\000u\000r\000a}{}% 29
